<?xml version="1.0" encoding="UTF-8"?>
<!-- Generated by org.testng.reporters.JUnitReportReporter -->
<testsuite hostname="LAPTOP-7SVOSK4G" failures="0" tests="4" name="testRequests" time="6.286" errors="0" timestamp="13 мая 2023 08:37:38 GMT" skipped="0">
  <testcase classname="testRequests" name="testLongId" time="1.504"/>
  <testcase classname="testRequests" name="testInvalidId" time="1.530"/>
  <testcase classname="testRequests" name="testGet" time="1.608"/>
  <testcase classname="testRequests" name="testPut" time="1.644"/>
</testsuite> <!-- testRequests -->
